2026-01-20 22:31:29.141 INFO  [background-preinit] o.h.validator.internal.util.Version - HV000001: Hibernate Validator 9.0.1.Final
2026-01-20 22:31:29.179 INFO  [main] c.e.m.MaybankApplication - Starting MaybankApplication using Java 17.0.13 with PID 22264 (C:\Users\hadri\Downloads\maybank-assignment\target\classes started by hadri in C:\Users\hadri\Downloads\maybank-assignment)
2026-01-20 22:31:29.179 INFO  [main] c.e.m.MaybankApplication - No active profile set, falling back to 1 default profile: "default"
2026-01-20 22:31:29.661 INFO  [main] o.s.d.r.c.RepositoryConfigurationDelegate - Bootstrapping Spring Data JPA repositories in DEFAULT mode.
2026-01-20 22:31:29.778 INFO  [main] o.s.d.r.c.RepositoryConfigurationDelegate - Finished Spring Data repository scanning in 106 ms. Found 1 JPA repository interface.
2026-01-20 22:31:30.187 INFO  [main] o.s.boot.tomcat.TomcatWebServer - Tomcat initialized with port 8080 (http)
2026-01-20 22:31:30.196 INFO  [main] o.a.coyote.http11.Http11NioProtocol - Initializing ProtocolHandler ["http-nio-8080"]
2026-01-20 22:31:30.198 INFO  [main] o.a.catalina.core.StandardService - Starting service [Tomcat]
2026-01-20 22:31:30.199 INFO  [main] o.a.catalina.core.StandardEngine - Starting Servlet engine: [Apache Tomcat/11.0.15]
2026-01-20 22:31:30.248 INFO  [main] o.s.b.w.c.s.WebApplicationContextInitializer - Root WebApplicationContext: initialization completed in 1034 ms
2026-01-20 22:31:30.387 INFO  [main] org.hibernate.orm.jpa - HHH008540: Processing PersistenceUnitInfo [name: default]
2026-01-20 22:31:30.428 INFO  [main] org.hibernate.orm.core - HHH000001: Hibernate ORM core version 7.2.0.Final
2026-01-20 22:31:30.744 INFO  [main] o.s.o.j.p.SpringPersistenceUnitInfo - No LoadTimeWeaver setup: ignoring JPA class transformer
2026-01-20 22:31:30.770 INFO  [main] com.zaxxer.hikari.HikariDataSource - HikariPool-1 - Starting...
2026-01-20 22:31:30.971 INFO  [main] com.zaxxer.hikari.pool.HikariPool - HikariPool-1 - Added connection ConnectionID:1 ClientConnectionId: edaf0481-cb4f-4f87-8559-69180181691c
2026-01-20 22:31:30.972 INFO  [main] com.zaxxer.hikari.HikariDataSource - HikariPool-1 - Start completed.
2026-01-20 22:31:31.397 WARN  [main] org.hibernate.orm.deprecation - HHH90000025: SQLServerDialect does not need to be specified explicitly using 'hibernate.dialect' (remove the property setting and it will be selected by default)
2026-01-20 22:31:31.414 INFO  [main] o.hibernate.orm.connections.pooling - HHH10001005: Database info:
	Database JDBC URL [jdbc:sqlserver://localhost:1433;concatNullYieldsNull=ON;quotedIdentifier=ON;connectRetryInterval=10;connectRetryCount=1;maxResultBuffer=-1;sendTemporalDataTypesAsStringForBulkCopy=true;delayLoadingLobs=true;useFmtOnly=false;vectorTypeSupport=v1;cacheBulkCopyMetadata=false;bulkCopyForBatchInsertAllowEncryptedValueModifications=false;bulkCopyForBatchInsertTableLock=false;bulkCopyForBatchInsertKeepNulls=false;bulkCopyForBatchInsertKeepIdentity=false;bulkCopyForBatchInsertFireTriggers=false;bulkCopyForBatchInsertCheckConstraints=false;bulkCopyForBatchInsertBatchSize=0;useBulkCopyForBatchInsert=false;cancelQueryTimeout=-1;sslProtocol=TLS;calcBigDecimalPrecision=false;useDefaultJaasConfig=false;jaasConfigurationName=SQLJDBCDriver;statementPoolingCacheSize=0;serverPreparedStatementDiscardThreshold=10;enablePrepareOnFirstPreparedStatementCall=false;fips=false;socketTimeout=0;authentication=NotSpecified;authenticationScheme=nativeAuthentication;xopenStates=false;datetimeParameterType=datetime2;sendTimeAsDatetime=true;replication=false;trustStoreType=JKS;trustServerCertificate=true;TransparentNetworkIPResolution=true;iPAddressPreference=IPv4First;serverNameAsACE=false;sendStringParametersAsUnicode=true;selectMethod=direct;responseBuffering=adaptive;queryTimeout=-1;packetSize=8000;multiSubnetFailover=false;loginTimeout=30;lockTimeout=-1;lastUpdateCount=true;useDefaultGSSCredential=false;prepareMethod=prepexec;encrypt=false;disableStatementPooling=true;databaseName=DEMODB;columnEncryptionSetting=Disabled;applicationName=Microsoft JDBC Driver for SQL Server;applicationIntent=readwrite;]
	Database driver: Microsoft JDBC Driver 13.2 for SQL Server
	Database dialect: SQLServerDialect
	Database version: 16.0
	Default catalog/schema: DEMODB/dbo
	Autocommit mode: undefined/unknown
	Isolation level: READ_COMMITTED [default READ_COMMITTED]
	JDBC fetch size: 128
	Pool: DataSourceConnectionProvider
	Minimum pool size: undefined/unknown
	Maximum pool size: undefined/unknown
2026-01-20 22:31:32.074 INFO  [main] org.hibernate.orm.core - HHH000489: No JTA platform available (set 'hibernate.transaction.jta.platform' to enable JTA platform integration)
2026-01-20 22:31:32.606 INFO  [main] o.s.o.j.LocalContainerEntityManagerFactoryBean - Initialized JPA EntityManagerFactory for persistence unit 'default'
2026-01-20 22:31:32.665 INFO  [main] o.s.d.j.r.q.QueryEnhancerFactories - Hibernate is in classpath; If applicable, HQL parser will be used.
2026-01-20 22:31:33.195 INFO  [main] o.a.coyote.http11.Http11NioProtocol - Starting ProtocolHandler ["http-nio-8080"]
2026-01-20 22:31:33.210 INFO  [main] o.s.boot.tomcat.TomcatWebServer - Tomcat started on port 8080 (http) with context path '/'
2026-01-20 22:31:33.216 INFO  [main] c.e.m.MaybankApplication - Started MaybankApplication in 4.454 seconds (process running for 4.804)
2026-01-20 22:31:48.422 INFO  [http-nio-8080-exec-1] o.a.c.c.C.[Tomcat].[localhost].[/] - Initializing Spring DispatcherServlet 'dispatcherServlet'
2026-01-20 22:31:48.423 INFO  [http-nio-8080-exec-1] o.s.web.servlet.DispatcherServlet - Initializing Servlet 'dispatcherServlet'
2026-01-20 22:31:48.424 INFO  [http-nio-8080-exec-1] o.s.web.servlet.DispatcherServlet - Completed initialization in 1 ms
2026-01-20 22:31:48.447 INFO  [http-nio-8080-exec-1] c.e.m.f.RequestResponseLoggingFilter - [0439aba8-eca1-4e94-9881-a473c0a1ddf4] GET / | status=404 | time=15ms | request= | response=
2026-01-20 22:33:35.080 INFO  [http-nio-8080-exec-5] c.e.m.f.RequestResponseLoggingFilter - [16e02ff3-ba56-483f-897c-f8c6157a2909] POST /api/customers | status=201 | time=594ms | request={ "name": "John Doe", "email": "john.doe@example.com" } | response={"createdAt":"2026-01-20T22:33:35.0099945","email":"john.doe@example.com","id":1,"name":"John Doe"}
2026-01-20 22:33:59.028 INFO  [http-nio-8080-exec-6] c.e.m.f.RequestResponseLoggingFilter - [be29d6e8-2c1c-459b-97c2-6cb20865ca7f] GET /api/customers | status=200 | time=57ms | request= | response={"items":[{"createdAt":"2026-01-20T22:33:35.0099945","email":"john.doe@example.com","id":1,"name":"John Doe"}],"page":0,"size":10,"totalElements":1,"totalPages":1}
2026-01-20 22:34:31.469 INFO  [http-nio-8080-exec-7] c.e.m.f.RequestResponseLoggingFilter - [757944e1-f754-45a4-93e2-f2161f43b4af] GET /api/external/posts/1 | status=200 | time=730ms | request= | response={"body":"quia et suscipit\nsuscipit recusandae consequuntur expedita et cum\nreprehenderit molestiae ut ut quas totam\nnostrum rerum est autem sunt rem eveniet architecto","id":1,"title":"sunt aut facere repellat provident occaecati excepturi optio reprehenderit","userId":1}
